<?xml version="1.0" encoding="UTF-8"?>
<!-- Generated by org.testng.reporters.JUnitXMLReporter -->
<testsuite ignored="0" hostname="DESKTOP-EGMSBLU" failures="5" tests="6" name="banking app" time="26.872" errors="0" timestamp="2023-11-20T22:04:36 IST">
  <testcase classname="com.inetbanking.testCase.TC_LoginDataDriven_001" name="login" time="3.444">
    <failure type="java.lang.AssertionError" message="expected [true] but found [false]">
      <![CDATA[java.lang.AssertionError: expected [true] but found [false]
at com.inetbanking.testCase.TC_LoginDataDriven_001.login(TC_LoginDataDriven_001.java:24)
at java.base/java.util.ArrayList.forEach(ArrayList.java:1511)
... Removed 31 stack frames]]>
    </failure>
  </testcase> <!-- login -->
  <testcase classname="com.inetbanking.testCase.TC_LoginDataDriven_001" name="login" time="2.283">
    <failure type="java.lang.AssertionError" message="expected [true] but found [false]">
      <![CDATA[java.lang.AssertionError: expected [true] but found [false]
at com.inetbanking.testCase.TC_LoginDataDriven_001.login(TC_LoginDataDriven_001.java:24)
at java.base/java.util.ArrayList.forEach(ArrayList.java:1511)
... Removed 31 stack frames]]>
    </failure>
  </testcase> <!-- login -->
  <testcase classname="com.inetbanking.testCase.TC_LoginDataDriven_001" name="login" time="1.656">
    <failure type="java.lang.AssertionError" message="expected [true] but found [false]">
      <![CDATA[java.lang.AssertionError: expected [true] but found [false]
at com.inetbanking.testCase.TC_LoginDataDriven_001.login(TC_LoginDataDriven_001.java:24)
at java.base/java.util.ArrayList.forEach(ArrayList.java:1511)
... Removed 31 stack frames]]>
    </failure>
  </testcase> <!-- login -->
  <testcase classname="com.inetbanking.testCase.TC_LoginDataDriven_001" name="login" time="3.561"/>
  <testcase classname="com.inetbanking.testCase.TC_LoginDataDriven_001" name="login" time="2.293">
    <failure type="java.lang.AssertionError" message="expected [true] but found [false]">
      <![CDATA[java.lang.AssertionError: expected [true] but found [false]
at com.inetbanking.testCase.TC_LoginDataDriven_001.login(TC_LoginDataDriven_001.java:24)
at java.base/java.util.ArrayList.forEach(ArrayList.java:1511)
... Removed 31 stack frames]]>
    </failure>
  </testcase> <!-- login -->
  <testcase classname="com.inetbanking.testCase.TC_LoginDataDriven_001" name="login" time="2.129">
    <failure type="java.lang.AssertionError" message="expected [true] but found [false]">
      <![CDATA[java.lang.AssertionError: expected [true] but found [false]
at com.inetbanking.testCase.TC_LoginDataDriven_001.login(TC_LoginDataDriven_001.java:24)
at java.base/java.util.ArrayList.forEach(ArrayList.java:1511)
... Removed 31 stack frames]]>
    </failure>
  </testcase> <!-- login -->
</testsuite> <!-- banking app -->
